[    0.000000] Linx ersion4.5.0-72-genric (bild@lcy1-md64026) (gcc eron 7.40 buntu .40-1ubutu18.04.1)) 1-Ubunu MP Tue Nov2612:20:2 UTC 2019 (Ubuntu 4.15.0-72.81-generic 4.15.18)
[    0.000000] Command line: BOOT_IMAGE=/boot/vmlinuz-4.15.0-72-generic root=LABEL=cloudimg-rootfs ro console=tty1 console=ttyS0
[    0.000000] KERNEL supported cpus:
[    0.000000   Intel GenuineIntel
[    0.000000]   AMD AuthenticAMD
[    0.000000]   Centaur CentaurHauls
[    0.000000] x86/fpu: Supporting XSAVE feature 0x001: 'x87 floating point registeers'
[    0.000000] x86/fpu: Supporting XSAVE feature 0x002: 'SSE registers'
[    0.000000] x86/fpu: Supporting XSAVE feature 0x004: 'AVX registers'
[    0.000000] x86/fpu: xstate_offset[2]:  576, xstate_sizes[2]:  256
[    0.000000] x86/fpu: Enabled xstate features 0x7, context size is 832 bytes, using 'standard' format.
[    0.000000] e820: BIOS-provided physical RAM map:
[    0.000000] BIOS-e820: [mem 0x0000000000000000-0x000000000009fbff] usable
[    0.000000] BIOS-e820: [mem 0x000000000009fc00-0x000000000009ffff] reserved
[    0.000000] BIOS-e820: [mem 0x00000000000f0000-0x00000000000fffff] reserved
[    0.000000] BIOS-e820: [mem 0x0000000000100000-0x000000003ffeffff] usable
[    0.000000] BIOS-e820: [mem 0x000000003fff0000-0x000000003fffffff] ACPI data
[    0.000000] BIOS-e820: [mem 0x00000000fec000000x0000000fec00fff] reserved
[    000000] BIOS-e820: [mem 0x000000fe00000x000000f00ff] reerd
[  0.00000]IOS-82 [mem x0000000fffc0000-0x0000000ffffff rserved
[    0.000000] NX (Execute Disbl) prtection: active
[    0.000000] SMBIOS 2.5 present.
[    0.000000] DMI: innotek GmbH VirtualBox/VirtualBox, BIOS VirtualBox 12/01/2006
[    0.000000] Hypervisor detected: KVM
[    0.000000] e820: last_pfn = 0x3fff0 max_arch_pfn = 0x400000000
[    0.000000] MTRR: Disabled
[    0.000000] x86/PAT: MTRRs disabled, skipping PAT initialization too.
[    0.000000] CPU MTRRs all blank - virtualized syste.
[    0.000] x86/PA: onfiguaton [0-7]:WB WT UCUC  B T  UC- UC 
[    0.00000]foun S MP-taleat [mem 000fff0-0x009fff]
[   .00000Scanin1 area fr low emy corrupti
[   0.000000] RAMDIS: [mem 0x35a6d000-0x36d2dfff]
[    0.000000] ACPI: Early table checksum verification disabled
[    0.000000] ACPI: RSDP 0x00000000000E0000 000024 (v02 VBOX  )
[    0.000000] ACPI: XSDT 0x000000003FFF0030 00003C (v01 VBOX   VBOXXSDT 00000001 ASL  00000061)
[    0.000000] ACPI: FACP 0x000000003FFF00F0 0000F4 (v04 VBOX   VBOXFACP 00000001 ASL  00000061)
[    0.000000] ACPI: DSDT 0x000000003FFF0470 0021FF (v02 VBOX   VBOXBIOS 00000002 INTL 20100528)
[    0.000000] ACPI: FACS 0x000000003FFF0200 000040
[    0.000000] ACPI: FACS 0x000000003FFF0200 000040
[    0.000000] ACPI: APIC 0x000000003FFF0240 00005C (v02 VBOX   VBOXAPIC 00000001 ASL  00000061)
[    0.000000] ACPI: SSDT 0x00000003FF02A0 001C (v01VBX   BOXCP 00000002 INL 20100528)
[  0.00000] N NMA configuratin foun
   0.000000] Fakng a ndeat [emx0000000000000-0x000003ffefff]
[   0.000000] NODE_DTA0)allocated[mem x3ffc5000x3ffeffff]
[    0.000000] kvm-clock: cpu 0, msr 0:3ff44001, primary cpu clock
[    0.000000] kvm-clock: Using msrs 4b564d01 and 4b564d00
[    0.000000] kvm-clock: using sched offset of 3605228847 cycles
[    0.000000] clocksource: kvm-clock: mask: 0xffffffffffffffff max_cycles: 0x1cd42e4dffb, max_idle_ns: 881590591483 ns
[    0.000000] Zone ranges:
[    0.000000]   DMA      [mem 0x0000000000001000-0x0000000000ffffff]
[    0.000000]   DMA32    [mem 0x0000000001000000-0x000000003ffeffff]
[    0.000000]   Normal   empty
[    0.000000]   Device   emty
[    0.000000] Movable zone start for each node
[    0.000000] Early memory node ranges
[    0.000000]   node   0: [mem 0x0000000000001000-0x000000000009efff]
[    0.000000]   node   0: [mem 0x0000000000100000-0x000000003ffeffff]
[    0.000000] Reserved but unavailable: 98 pages
[    0.000000] Initmem setup node 0 [mem 0x0000000000001000-0x000000003ffeffff]
[    0.000000] ACPI: PM-Timer IO Port: 0x4008
[    0.000000] IOAPIC[0]: apic_id 2, version 32, address 0xfec00000, GSI 0-23
[  000000]CPI: IT_RC_OR us 0bus_ir 0 glol_ir 2df dfl)
   0.00000 ACPI I_SRC_R bu 0us_iq  global_irq 9 low level)
[    0.000000] Using ACPI (MADT) for SMP configuration information
[    0.00000] smpboot: Allowing 2 CPUs, 0 hotplug CPUs
[    0.000000] PM: Registered nosave memory: [mem 0x00000000-0x00000fff]
[    0.000000] PM: Registerd nosav memory: [me0x0009f000-0x0009ffff]
[    .000000] PM: Registered nosave memory: [m 0x000a0000-0x000effff]
[    0.000000] PM: Registered nave memory: [mem 0x000f0000-0x000ffffff]
[    0.000000] e20: [mem 0x40000000-0xfebfffff] availablefo PCI deves
    0.000000] Booting paravirtualized kernel on KVM
[    0.000000] clocksource: refined-jiffies: mask: 0xffffffff max_cycles: xfffffff, max_idle_s:76451960021158 ns
[    000000]andom:ge_ranombytes cale from start_kerel+099x4fd with rn_init=0
[    0.000000] stupercpu: R_PUS:19nr_cumsk_bits:2 nr_cpu_ids:2 nr_node_ids:1
[    0.000000] percpu: Embedded 45 pages/cpu s147456 r8192 d28672 u1048576
[    0.000000] PV qspinlock hash table entries: 256 (order: 0, 4096 bytes)
[    0.000000] Built 1 zonelists, mobilitygrouping on.  Total pages: 257913
[    0.000000] Policy zone: DMA32
[    0.000000] Kernel command line: BOOT_IMAGE=/boot/vmlinuz-4.15.0-72-generic root=LABEL=cloudimg-rootfs ro console=tty1 console=ttyS0
[    0.000000] Memory: 983392K/1048120K available (12300K kernel code, 2481K rwdata, 4264K rodata, 2428K init, 2388K bss, 64728K reserved, 0K cma-reserved)
[    0.000000] SLUB: HWalign=64, Order=0-3, MinObjects=0, CPUs=2, Nodes=1
[    0.000000] Kernel/User page tables isolation: enabled
[    0.000000] ftrace: allocating 39318 entries in 154 pages
[    0.004000] Hierarchical RCU implementation.
[    0.004000] 	RCU restricting CPUs from NR_CPUS=8192 to nr_cpu_ids=2.
[    0.004000] 	Tasks RCU enabled.
[    0.004000] RCU: Adjusting geometry for rcu_fanout_leaf=16, nr_cpu_ids=2
[    0.004000] NR_IRQS: 524544, nr_irqs: 440, preallocated irqs: 16
[    0.004000] Console: colour VGA+ 80x25
[    0.004000] console [tty1] enabled
[    0.004000] console [ttyS0] enabled
[    0.004000] ACPI: Core revision 20170831
[    0.004000] ACPI: 2 ACPI AML tables successfully acquired and loaded
[    0.004000] APIC: Switch to symmetric I/O mode setup
[    0.004241] x2apic enabled
[    0.008004] Switched APIC routing to physical x2apic.
[    0.012994] ..TIMER: vector=0x30 apic1=0 pin1=2 apic2=-1 pin2=-1
[    0.016006] tsc: Detected 2304.000 MHz processor
[    0.016959] Calibrating delay loop (skipped) preset value.. 4608.00 BogoMIPS (lpj=9216000)
[    0.020007] pid_max: default: 32768 minimum: 301
[    0.024047] Security Framework initialized
[    0.028009] Yama: becoming mindful.
[    0.032040] AppArmor: AppArmor initialized
[    0.037543] Dentry cache hash table entries: 131072 (order: 8, 1048576 bytes)
[    0.040083] Inode-cache hash table entries: 65536 (order: 7, 524288 bytes)
[    0.044031] Mount-cache hash table entries: 2048 (order: 2, 16384 bytes)
[    0.048029] Mountpoint-cache hash table entries: 2048 (order: 2, 16384 bytes)
[    0.052677] Last level iTLB entries: 4KB 64, 2MB 8, 4MB 8
[    0.056006] Last level dTLB entries: 4KB 64, 2MB 0, 4MB 0, 1GB 4
[    0.060012] Spectre V1 : Mitigation: usercopy/swapgs barriers and __user pointer sanitization
[    0.062488] Spectre V2 : Mitigation: Full generic retpoline
[    0.064004] Spectre V2 : Spectre v2 / SpectreRSB mitigation: Filling RSB on context switch
[    0.068004] Speculative Store Bypass: Vulnerable
[    0.069190] MDS: Vulnerable: Clear CPU buffers attempted, no microcode
[    0.070957] Freeing SMP alternatives memory: 36K
[    0.182675] smpboot: CPU0: Intel(R) Core(TM) i5-8259U CPU @ 2.30GHz (family: 0x6, model: 0x8e, stepping: 0xa)
[    0.184222] Performance Events: unsupported p6 CPU model 142 no PMU driver, software events only.
[    0.188056] Hierarchical SRCU implementation.
[    0.192532] NMI watchdog: Perf event create on CPU 0 failed with -2
[    0.196007] NMI watchdog: Perf NMI watchdog permanently disabled
[    0.200077] smp: Bringing up secondary CPUs ...
[    0.204100] x86: Booting SMP configuration:
[    0.208006] .... node  #0, CPUs:      #1
[    0.004000] kvm-clock: cpu 1, msr 0:3ff44041, secondary cpu clock
[    0.327600] smp: Brought up 1 node, 2 CPUs
[    0.328011] smpboot: Max logical packages: 1
[    0.329187] smpboot: Total of 2 processors activated (9216.00 BogoMIPS)
[    0.332201] devtmpfs: initialized
[    0.333043] x86/mm: Memory block size: 128MB
[    0.334375] evm: security.selinux
[    0.335267] evm: security.SMACK64
[    0.336003] evm: security.SMACK64EXEC
[    0.336966] evm: security.SMACK64TRANSMUTE
[    0.338177] evm: security.SMACK64MMAP
[    0.339179] evm: security.apparmor
[    0.340003] evm: security.ima
[    0.340830] evm: security.capability
[    0.341889] clocksource: jiffies: mask: 0xffffffff max_cycles: 0xffffffff, max_idle_ns: 7645041785100000 ns
[    0.344012] futex hash table entries: 512 (order: 3, 32768 bytes)
[    0.346948] pinctrl core: initialized pinctrl subsystem
[    0.348105] RTC time:  3:25:29, date: 12/30/19
[    0.349343] NET: Registered protocol family 16
[    0.352069] audit: initializing netlink subsys (disabled)
[    0.353586] audit: type=2000 audit(1577676326.507:1): state=initialized audit_enabled=0 res=1
[    0.356009] cpuidle: using governor ladder
[    0.357058] cpuidle: using governor menu
[    0.360054] ACPI: bus type PCI registered
[    0.361230] acpiphp: ACPI Hot Plug PCI Controller Driver version: 0.5
[    0.364039] PCI: Using configuration type 1 for base access
[    0.365489] HugeTLB registered 2.00 MiB page size, pre-allocated 0 pages
[    0.368125] ACPI: Added _OSI(Module Device)
[    0.369039] ACPI: Added _OSI(Processor Device)
[    0.370001] ACPI: Added _OSI(3.0 _SCP Extensions)
[    0.372003] ACPI: Added _OSI(Processor Aggregator Device)
[    0.373118] ACPI: Added _OSI(Linux-Dell-Video)
[    0.374051] ACPI: Added _OSI(Linux-Lenovo-NV-HDMI-Audio)
[    0.375146] ACPI: Added _OSI(Linux-HPI-Hybrid-Graphics)
[    0.376448] ACPI: Executed 1 blocks of module-level executable AML code
[    0.381397] ACPI: Interpreter enabled
[    0.384027] ACPI: (supports S0 S5)
[    0.388005] ACPI: Using IOAPIC for interrupt routing
[    0.392229] PCI: Using host bridge windows from ACPI; if necessary, use "pci=nocrs" and report a bug
[    0.396228] ACPI: Enabled 2 GPEs in block 00 to 07
[    0.410261] ACPI: PCI Root Bridge [PCI0] (domain 0000 [bus 00-ff])
[    0.412020] acpi PNP0A03:00: _OSC: OS supports [ASPM ClockPM Segments MSI]
[    0.416050] acpi PNP0A03:00: _OSC: not requesting OS control; OS requires [ExtendedConfig ASPM ClockPM MSI]
[    0.420024] acpi PNP0A03:00: fail to add MMCONFIG information, can't access extended PCI configuration space under this bridge.
[    0.424604] PCI host bridge to bus 0000:00
[    0.428011] pci_bus 0000:00: root bus resource [io  0x0000-0x0cf7 window]
[    0.432012] pci_bus 0000:00: root bus resource [io  0x0d00-0xffff window]
[    0.436003] pci_bus 0000:00: root bus resource [mem 0x000a0000-0x000bffff window]
[    0.438005] pci_bus 0000:00: root bus resource [mem 0x40000000-0xfdffffff window]
[    0.440004] pci_bus 0000:00: root bus resource [bus 00-ff]
[    0.445108] pci 0000:00:01.1: legacy IDE quirk: reg 0x10: [io  0x01f0-0x01f7]
[    0.446900] pci 0000:00:01.1: legacy IDE quirk: reg 0x14: [io  0x03f6]
[    0.448003] pci 0000:00:01.1: legacy IDE quirk: reg 0x18: [io  0x0170-0x0177]
[    0.449744] pci 0000:00:01.1: legacy IDE quirk: reg 0x1c: [io  0x0376]
[    0.468746] pci 0000:00:07.0: quirk: [io  0x4000-0x403f] claimed by PIIX4 ACPI
[    0.470283] pci 0000:00:07.0: quirk: [io  0x4100-0x410f] claimed by PIIX4 SMB
[    0.477703] ACPI: PCI Interrupt Link [LNKA] (IRQs 5 9 10 *11)
[    0.480317] ACPI: PCI Interrupt Link [LNKB] (IRQs 5 9 *10 11)
[    0.484136] ACPI: PCI Interrupt Link [LNKC] (IRQs 5 *9 10 11)
[    0.492158] ACPI: PCI Interrupt Link [LNKD] (IRQs 5 9 10 *11)
[    0.496401] SCSI subsystem initialized
[    0.500063] pci 0000:00:02.0: vgaarb: setting as boot VGA device
[    0.504000] pci 0000:00:02.0: vgaarb: VGA device added: decodes=io+mem,owns=io+mem,locks=none
[    0.504011] pci 0000:00:02.0: vgaarb: bridge control possible
[    0.508004] vgaarb: loaded
[    0.512056] ACPI: bus type USB registered
[    0.520028] usbcore: registered new interface driver usbfs
[    0.524018] usbcore: registered new interface driver hub
[    0.528045] usbcore: registered new device driver usb
[    0.532100] EDAC MC: Ver: 3.0.0
[    0.536368] PCI: Using ACPI for IRQ routing
[    0.537569] NetLabel: Initializing
[    0.540003] NetLabel:  domain hash size = 128
[    0.544002] NetLabel:  protocols = UNLABELED CIPSOv4 CALIPSO
[    0.545385] NetLabel:  unlabeled traffic allowed by default
[    0.548050] clocksource: Switched to clocksource kvm-clock
[    0.561361] VFS: Disk quotas dquot_6.6.0
[    0.562784] VFS: Dquot-cache hash table entries: 512 (order 0, 4096 bytes)
[    0.564965] AppArmor: AppArmor Filesystem Enabled
[    0.566114] pnp: PnP ACPI init
[    0.568247] pnp: PnP ACPI: found 3 devices
[   5777clksrc ai_: sk0xff m_cle: 0xfff, maxid_n 25702ns[  148801] NET: Registered protocol family 2

[    1.658173] TCP established hash table entries: 8192 (order: 4, 65536 bytes)
[    1.660199] TCP bind hash table entries: 8192 (order: 5, 131072 bytes)
[    1.662785] TCP: Hash tables configured (established 8192 bind 8192)
[    1.664173] UDP hash table entries: 512 (order: 2, 16384 bytes)
[    1.665458] UDP-Lite hash table entries: 512 (order: 2, 16384 bytes)
[    1.666877] NET: Registered protocol family 1
[    1.667826] pci 0000:00:00.0: Limiting direct PCI/PCI transfers
[    1.669165] pci 0000:00:01.0: Activating ISA DMA hang workarounds
[    1.67047] i 000:.0: Video device with shadowed ROM at [mem 0x000c0000-0x000dffff]

[    1.867380] Unpacking initramfs...
[    2.129233] Freeing initrd memory: 19204K
[    2.217052] clocksource: tsc: mask: 0xffffffffffffffff max_cycles: 0x2135f7c97c8, max_idle_ns: 440795273205 ns
[    2.328466] platform rtc_cmos: registered platform RTC device (no PNP device found)
[    2.348279] Scanning for low memory corruption every 60 seconds
[    2.418411] Initialise system trusted keyrings
[    2.457689] Key type blacklist registered
[    2.467571] workingset: timestamp_bits=36 max_order=18 bucket_order=0
[    2.479384] zbud: loaded
[    2.481512] squashfs: version 4.0 (2009/01/31) Phillip Lougher
[    2.484280] fuse init (API version 7.26)
[    2.502599] Key type asymmetric registered
[    2.521369] Asymmetric key parser 'x509' registered
[    2.544297] Block layer SCSI generic (bsg) driver version 0.4 loaded (major 246)
[    2.628801] io scheduler noop registered
[    2.640778] io scheduler deadline registered
[    2.642104] io scheduler cfq registered (default)
[    2.644923] ACPI: AC Adapter [AC] (off-line)
[    2.645956] input: Power Button as /devices/LNXSYSTM:00/LNXPWRBN:00/input/input0
[    2.668325] ACPI: Power Button [PWRF]
[    2.705326] input: Sleep Button as /devices/LNXSYSTM:00/LNXSLPBN:00/input/input1
[    2.711927] ACPI: Sleep Button [SLPF]
[    2.713738] Serial: 8250/16550 driver, 32 ports, IRQ sharing enabled
[    2.715444] ACPI: Battery Slot [BAT0] (battery present)
[    2.745770] 00:02: ttyS0 at I/O 0x3f8 (irq = 4, base_baud = 115200) is a 16550A
[    2.751131] Linux agpgart interface v0.103
[    2.753005] loop: module loaded
[    2.754240] scsi host0: ata_piix
[    2.755169] scsi host1: ata_piix
[    2.755907] ata1: PATA max UDMA/33 cmd 0x1f0 ctl 0x3f6 bmdma 0xd000 irq 14
[    2.757339] ata2: PATA max UDMA/33 cmd 0x170 ctl 0x376 bmdma 0xd008 irq 15
[    2.861334] libphy: Fixed MDIO Bus: probed
[    2.996197] tun: Universal TUN/TAP device driver, 1.6
[    3.021251] PPP generic driver version 2.4.2
[    3.023484] ehci_hcd: USB 2.0 'Enhanced' Host Controller (EHCI) Driver
[    3.040830] ehci-pci: EHCI PCI platform driver
[    3.091521] ehci-platform: EHCI generic platform driver
[    3.153985] ohci_hcd: USB 1.1 'Open' Host Controller (OHCI) Driver
[    3.157204] ohci-pci: OHCI PCI platform driver
[    3.158286] ohci-platform: OHCI generic platform driver
[    3.159411] uhci_hcd: USB Universal Host Controller Interface driver
[    3.160810] i8042: PNP: PS/2 Controller [PNP0303:PS2K,PNP0f03:PS2M] at 0x60,0x64 irq 1,12
[    3.163086] serio: i8042 KBD port at 0x60,0x64 irq 1
[    3.310553] serio: i8042 AUX port at 0x60,0x64 irq 12
[    3.408539] mousedev: PS/2 mouse device common for all mice
[    3.508882] input: AT Translated Set 2 keyboard as /devices/platform/i8042/serio0/input/input2
[    3.520811] rtc_cmos rtc_cmos: rtc core: registered rtc_cmos as rtc0
[    3.522214] rtc_cmos rtc_cmos: alarms up to one day, 114 bytes nvram
[    3.523527] i2c /dev entries driver
[    3.524426] device-mapper: uevent: version 1.0.3
[    3.528900] device-mapper: ioctl: 4.37.0-ioctl (2017-09-20) initialised: dm-devel@redhat.com
[    3.693691] ledtrig-cpu: registered to indicate activity on CPUs
[    3.806316] NET: Registered protocol family 10
[    3.812211] Segment Routing with IPv6
[    3.813276] NET: Registered protocol family 17
[    3.814525] Key type dns_resolver registered
[    3.816038] mce: Using 0 MCE banks
[    3.817075] RAS: Correctable Errors collector initialized.
[    3.818593] sched_clock: Marking stable (3816021881, 0)->(13935428127, -10119406246)
[    3.821458] registered taskstats version 1
[    3.822615] Loading compiled-in X.509 certificates
[    3.826478] Loaded X.509 cert 'Build time autogenerated kernel key: f4f7241365689b0cbe3898188e65e316fd8f978d'
[    3.829091] zswap: loaded using pool lzo/zbud
[    3.834216] Key type big_key registered
[    3.835180] Key type trusted registered
[    3.837706] Key type encrypted registered
[    3.838785] AppArmor: AppArmor sha1 policy hashing enabled
[    3.840367] ima: No TPM chip found, activating TPM-bypass! (rc=-19)
[    3.842508] ima: Allocated hash algorithm: sha1
[    3.843838] evm: HMAC attrs: 0x1
[    3.844919]   Magic number: 15:980:412
[    3.845818] rtc_cmos rtc_cmos: setting system clock to 2019-12-30 03:25:34 UTC (1577676334)
[    3.847687] BIOS EDD facility v0.16 2004-Jun-25, 0 devices found
[    3.848969] EDD information not available.
[    3.853187] Freeing unused kernel image memory: 2428K
[    3.944307] Write protecting the kernel read-only data: 20480k
[    4.019114] Freeing unused kernel image memory: 2008K
[    4.020530] Freeing unused kernel image memory: 1880K
[    4.027493] x86/mm: Checked W+X mappings: passed, no W+X pages found.
[    4.108970] x86/mm: Checking user space page tables
[    4.253072] x86/mm: Checked W+X mappings: passed, no W+X pages found.
Loading, please wait...
starting version 237
[    5.358869] Fusion MPT base driver 3.04.20
[    5.387131] Copyright (c) 1999-2008 LSI Corporation
[    5.396491] Fusion MPT SPI Host driver 3.04.20
[    5.418363] mptbase: ioc0: Initiating bringup
[    5.422558] e1000: Intel(R) PRO/1000 Network Driver - version 7.3.21-k8-NAPI
[    5.428638] e1000: Copyright (c) 1999-2006 Intel Corporation.
[    5.438954] AVX2 version of gcm_enc/dec engaged.
[    5.465127] AES CTR mode by8 optimization enabled
[    5.528031] ioc0: LSI53C1030 A0: Capabilities={Initiator}
[    5.617978] input: ImExPS/2 Generic Explorer Mouse as /devices/platform/i8042/serio1/input/input4
[    7.105936] scsi host2: ioc0: LSI53C1030 A0, FwRev=00000000h, Ports=1, MaxQ=256, IRQ=20
[    7.418711] scsi 2:0:0:0: Direct-Access     VBOX     HARDDISK         1.0  PQ: 0 ANSI: 5
[    8.396254] scsi target2:0:0: Beginning Domain Validation
[    8.418027] scsi target2:0:0: Domain Validation skipping write tests
[    8.419578] scsi target2:0:0: Ending Domain Validation
[    8.420815] scsi target2:0:0: asynchronous
[    8.422278] scsi 2:0:1:0: Direct-Access     VBOX     HARDDISK         1.0  PQ: 0 ANSI: 5
[    8.712467] scsi target2:0:1: Beginning Domain Validation
[    8.760760] e1000 0000:00:03.0 eth0: (PCI:33MHz:32-bit) 02:b7:1f:33:e9:24
[    9.749750] e1000 0000:00:03.0 eth0: Intel(R) PRO/1000 Network Connection
[   10.470544] random: fast init done
[   11.147283] random: systemd-udevd: uninitialized urandom read (16 bytes read)
[   11.209203] random: systemd-udevd: uninitialized urandom read (16 bytes read)
[   11.210853] random: systemd-udevd: uninitialized urandom read (16 bytes read)
[   11.353931] e1000 0000:00:03.0 enp0s3: renamed from eth0
[   11.449497] scsi target2:0:1: Domain Validation skipping write tests
[   11.454282] scsi target2:0:1: Ending Domain Validation
[   11.455777] scsi target2:0:1: asynchronous
[   11.462297] sd 2:0:0:0: Attached scsi generic sg0 type 0
[   11.462602] sd 2:0:0:0: [sda] 20971520 512-byte logical blocks: (10.7 GB/10.0 GiB)
[   11.463923] sd 2:0:1:0: Attached scsi generic sg1 type 0
[   11.466320] sd 2:0:0:0: [sda] Write Protect is off
[   11.469589] sd 2:0:1:0: [sdb] 20480 512-byte logical blocks: (10.5 MB/10.0 MiB)
[   11.471383] sd 2:0:0:0: [sda] Incomplete mode parameter data
[   11.471884] sd 2:0:1:0: [sdb] Write Protect is off
[   11.473620] sd 2:0:0:0: [sda] Assuming drive cache: write through
[   11.477124] sd 2:0:1:0: [sdb] Incomplete mode parameter data
[   11.477939]  sda: sda1
[   11.478949] sd 2:0:1:0: [sdb] Assuming drive cache: write through
[   11.484371] sd 2:0:0:0: [sda] Attached SCSI disk
[   11.486312] sd 2:0:1:0: [sdb] Attached SCSI disk
Begin: Loading essential drivers ... [   12.868234] raid6: sse2x1   gen() 12776 MB/s
[   12.964251] raid6: sse2x1   xor()  9134 MB/s
[   13.064241] raid6: sse2x2   gen() 15607 MB/s
[   13.196241] raid6: sse2x2   xor()  9776 MB/s
[   13.256212] raid6: sse2x4   gen() 16306 MB/s
[   13.360365] raid6: sse2x4   xor() 10284 MB/s
[   13.480224] raid6: avx2x1   gen() 23764 MB/s
[   13.584044] raid6: avx2x1   xor() 16203 MB/s
[   13.692511] raid6: avx2x2   gen() 27437 MB/s
[   13.740139] raid6: avx2x2   xor() 17145 MB/s
[   13.832367] raid6: avx2x4   gen() 34026 MB/s
[   13.940377] raid6: avx2x4   xor() 21083 MB/s
[   13.997807] raid6: using algorithm avx2x4 gen() 34026 MB/s
[   14.097730] raid6: .... xor() 21083 MB/s, rmw enabled
[   14.196913] raid6: using avx2x2 recovery algorithm
[   14.234578] xor: automatically using best checksumming function   avx       
[   14.237603] async_tx: api initialized (async)
done.
Begin: Running /[   14.274028] Btrfs loaded, crc32c=crc32c-intel
scripts/init-premount ... done.
Begin: Mounting root file system ... Begin: Running /scripts/local-top ... done.
Begin: Running /scripts/local-premount ... Scanning for Btrfs filesystems
done.
Warning: fsck no[   14.302318] EXT4-fs (sda1): mounted filesystem with ordered data mode. Opts: (null)
t present, so skipping root file system
done.
Begin: Running /scripts/local-bottom ... done.
Begin: Running /scripts/init-bottom ... done.
[   14.524873] ip_tables: (C) 2000-2006 Netfilter Core Team
[   14.531128] systemd[1]: systemd 237 running in system mode. (+PAM +AUDIT +SELINUX +IMA +APPARMOR +SMACK +SYSVINIT +UTMP +LIBCRYPTSETUP +GCRYPT +GNUTLS +ACL +XZ +LZ4 +SECCOMP +BLKID +ELFUTILS +KMOD -IDN2 +IDN -PCRE2 default-hierarchy=hybrid)
[   14.585584] systemd[1]: Detected virtualization oracle.
[   14.736275] systemd[1]: Detected architecture x86-64.

Welcome to [1mUbuntu 18.04.3 LTS[0m!

[   14.748956] systemd[1]: Set hostname to <ubuntu>.
[   14.751863] systemd[1]: Initializing machine ID from random generator.
[   14.757663] systemd[1]: Installed transient /etc/machine-id file.
[   14.945589] systemd[1]: Started Forward Password Requests to Wall Directory Watch.
[[0;32m  OK  [0m] Started Forward Password Requests to Wall Directory Watch.
[   14.949337] systemd[1]: Set up automount Arbitrary Executable File Formats File System Automount Point.
[[0;32m  OK  [0m] Set up automount Arbitrary Executab…rmats File System Automount Point.
[   14.956891] systemd[1]: Created slice User and Session Slice.
[[0;32m  OK  [0m] Created slice User and Session Slice.
[   14.959632] systemd[1]: Reached target System Time Synchronized.
[[0;32m  OK  [0m] Reached target System Time Synchronized.
[[0;32m  OK  [0m] Created slice System Slice.
[[0;32m  OK  [0m] Listening on Device-mapper event daemon FIFOs.
[[0;32m  OK  [0m] Listening on Journal Socket.
[[0;32m  OK  [0m] Listening on udev Kernel Socket.
[[0;32m  OK  [0m] Created slice system-serial\x2dgetty.slice.
[[0;32m  OK  [0m] Listening on Journal Socket (/dev/log).
[[0;32m  OK  [0m] Listening on Syslog Socket.
         Starting Uncomplicated firewall...
         Starting Load Kernel Modules...[   15.282866] Loading iSCSI transport class v2.0-870.

         [   15.404829] iscsi: registered transport (tcp)
Mounting Huge Pa[   15.508181] iscsi: registered transport (iser)
ges File System...
         Mounting POSIX Message Queue File System...
         Starting Remount[   15.677395] EXT4-fs (sda1): re-mounted. Opts: (null)
 Root and Kernel File Systems...
[[0;32m  OK  [0m] Listening on Journal Audit Socket.
[[0;32m  OK  [0m] Listening on /dev/initctl Compatibility Named Pipe.
         Starting Set the console keyboard layout...
[[0;32m  OK  [0m] Listening on LVM2 poll daemon socket.
         Mounting Kernel Debug File System...
[[0;32m  OK  [0m] Reached target Swap.
         Starting Create list of required st…ce nodes for the current kernel...
[[0;32m  OK  [0m] Listening on udev Control Socket.
         Starting udev Coldplug all Devices...
[[0;32m  OK  [0m] Listening on LVM2 metadata daemon socket.
         Starting Monitoring of LVM2 mirrors…ng dmeventd or progress polling...
         Starting Journal Service...
[[0;32m  OK  [0m] Reached target Slices.
[[0;32m  OK  [0m] Reached target User and Group Name Lookups.
[[0;32m  OK  [0m] Listening on Network Service Netlink Socket.
[[0;32m  OK  [0m] Started Uncomplicated firewall.
[[0;32m  OK  [0m] Started Load Kernel Modules.
[[0;32m  OK  [0m] Mounted Huge Pages File System.
[[0;32m  OK  [0m] Mounted POSIX Message Queue File System.
[[0;32m  OK  [0m] Started Remount Root and Kernel File Systems.
[[0;32m  OK  [0m] Started Set the console keyboard layout.
[[0;32m  OK  [0m] Mounted Kernel Debug File System.
[[0;32m  OK  [0m] Started Create list of required sta…vice nodes for the current kernel.
[[0;32m  OK  [0m] Started LVM2 metadata daemon.
         Startin[   15.957448] random: crng init done
g Create Static [   16.064538] random: 7 urandom warning(s) missed due to ratelimiting
Device Nodes in /dev...
         Starting Load/Save Random Seed...
         Mounting Kernel Configuration File System...
         Mounting FUSE Control File System...
         Starting Apply Kernel Variables...
[[0;32m  OK  [0m] Started Journal Service.
[[0;32m  OK  [0m] Started Monitoring of LVM2 mirrors,…sing dmeventd or progress polling.
[[0;32m  OK  [0m] Started udev Coldplug all Devices.
[[0;32m  OK  [0m] Started Create Static Device Nodes in /dev.
[[0;32m  OK  [0m] Started Load/Save Random Seed.
[[0;32m  OK  [0m] Mounted Kernel Configuration File System.
[[0;32m  OK  [0m] Mounted FUSE Control File System.
[[0;32m  OK  [0m] Started Apply Kernel Variables.
         Starting udev Kernel Device Manager...
[[0;32m  OK  [0m] Reached target Local File Systems (Pre).
[[0;32m  OK  [0m] Reached target Local File Systems.
         Starting ebtables ruleset management...
         Starting Tell Plymouth To Write Out Runtime Data...
         Starting AppArmor initialization...
         Starting Commit a transient machine-id on disk...
         Starting Set console font and keymap...
         Starting Flush Journal to Persistent Storage...
[[0;32m  OK  [0m] Started udev Kernel Device Manager.
[[0;32m  OK  [0m] Started Tell Plymouth To Write Out Runtime Data.
[[0;32m  OK  [0m] Started Commit a transient machine-id on disk.
[[0;32m  OK  [0m] Started Set console font and keymap.
[[0;32m  OK  [0m] Found device /dev/ttyS0.
[[0;32m  OK  [0m] Listening on Load/Save RF Kill Switch Status /dev/rfkill Watch.
[[0;32m  OK  [0m] Started Dispatch Password Requests to Console Directory Watch.
[[0;32m  OK  [0m] Reached target Local Encrypted Volumes.
[[0;32m  OK  [0m] Started ebtables ruleset management.
[[0;32m  OK  [0m] Started Flush Journal to Persistent Storage.
         Starting Create Volatile Files and Directories...
[[0;32m  OK  [0m] Started Create Volatile Files and Directories.
         Starting Update UTMP about System Boot/Shutdown...
[[0;32m  OK  [0m] Started Update UTMP about System Boot/Shutdown.
[[0;32m  OK  [0m] Started AppArmor initialization.
         Starting Initial cloud-init job (pre-networking)...
[   18.226667] cloud-init[568]: Cloud-init v. 19.3-41-gc4735dd3-0ubuntu1~18.04.1 running 'init-local' at Mon, 30 Dec 2019 03:25:48 +0000. Up 17.93 seconds.
[[0;32m  OK  [0m] Started Initial cloud-init job (pre-networking).
[[0;32m  OK  [0m] Reached target Network (Pre).
         Starting Network Service...
[[0;32m  OK  [0m] Started Network Service.
         Starting Wait for Network to be Configured...
         Starting Network Name Resolution...
[[0;32m  OK  [0m] Started Network Name Resolution.
[[0;32m  OK  [0m] Reached target Network.
[[0;32m  OK  [0m] Reached target Host and Network Name Lookups.
[[0;32m  OK  [0m] Started Wait for Network to be Configured.
         Starting Initial cloud-init job (metadata service crawler)...
[   20.433941] cloud-init[691]: Cloud-init v. 19.3-41-gc4735dd3-0ubuntu1~18.04.1 running 'init' at Mon, 30 Dec 2019 03:25:50 +0000. Up 20.32 seconds.
[   20.499356] cloud-init[691]: ci-info: ++++++++++++++++++++++++++++++++++++++Net device info++++++++++++++++++++++++++++++++++++++
[   20.504208] cloud-init[691]: ci-info: +--------+------+----------------------------+---------------+--------+-------------------+
[   20.509166] cloud-init[691]: ci-info: | Device |  Up  |          Address           |      Mask     | Scope  |     Hw-Address    |
[   20.511778] cloud-init[691]: ci-info: +--------+------+----------------------------+---------------+--------+-------------------+
[   20.514553] cloud-init[691]: ci-info: | enp0s3 | True |         10.0.2.15          | 255.255.255.0 | global | 02:b7:1f:33:e9:24 |
[   20.517184] cloud-init[691]: ci-info: | enp0s3 | True | fe80::b7:1fff:fe33:e924/64 |       .       |  link  | 02:b7:1f:33:e9:24 |
[   20.520017] cloud-init[691]: ci-info: |   lo   | True |         127.0.0.1          |   255.0.0.0   |  host  |         .         |
[   20.539720] cloud-init[691]: ci-info: |   lo   | True |          ::1/128           |       .       |  host  |         .         |
[   20.552678] cloud-init[691]: ci-info: +--------+------+----------------------------+---------------+--------+-------------------+
[   20.572217] cloud-init[691]: ci-info: ++++++++++++++++++++++++++++Route IPv4 info+++++++++++++++++++++++++++++
[   20.593151] cloud-init[691]: ci-info: +-------+-------------+----------+-----------------+-----------+-------+
[   20.595096] cloud-init[691]: ci-info: | Route | Destination | Gateway  |     Genmask     | Interface | Flags |
[   20.597023] cloud-init[691]: ci-info: +-------+-------------+----------+-----------------+-----------+-------+
[   20.598903] cloud-init[691]: ci-info: |   0   |   0.0.0.0   | 10.0.2.2 |     0.0.0.0     |   enp0s3  |   UG  |
[   20.600772] cloud-init[691]: ci-info: |   1   |   10.0.2.0  | 0.0.0.0  |  255.255.255.0  |   enp0s3  |   U   |
[   20.608669] cloud-init[691]: ci-info: |   2   |   10.0.2.2  | 0.0.0.0  | 255.255.255.255 |   enp0s3  |   UH  |
[   20.610467] cloud-init[691]: ci-info: +-------+-------------+----------+-----------------+-----------+-------+
[   20.612300] cloud-init[691]: ci-info: +++++++++++++++++++Route IPv6 info+++++++++++++++++++
[   20.613819] cloud-init[691]: ci-info: +-------+-------------+---------+-----------+-------+
[   20.615312] cloud-init[691]: ci-info: | Route | Destination | Gateway | Interface | Flags |
[   20.616840] cloud-init[691]: ci-info: +-------+-------------+---------+-----------+-------+
[   20.618492] cloud-init[691]: ci-info: |   1   |  fe80::/64  |    ::   |   enp0s3  |   U   |
[   20.639084] cloud-init[691]: ci-info: |   3   |    local    |    ::   |   enp0s3  |   U   |
[   20.640693] cloud-init[691]: ci-info: |   4   |   ff00::/8  |    ::   |   enp0s3  |   U   |
[   20.676873] cloud-init[691]: ci-info: +-------+-------------+---------+-----------+-------+
[   21.094634] cloud-init[691]: Generating public/private rsa key pair.
[[0;32m  OK  [0m] Started Initial cloud-init job (metadata service crawler).
[[0;32m  OK  [0m] Reached target System Initialization.
[[0;32m  OK  [0m] Started Discard unused blocks once a week.
[   21.178920] cloud-init         Starting Socket activation for snappy daemon.
[[0;32m  OK  [0m] Listening on Open-iSCSI iscsid Socket.
[[0;32m  OK  [0m] Listening on ACPID Listen Socket.
[[0;32m  OK  [0m] Listening on UUID daemon activation socket.
[[0;32m  OK  [0m] Started ACPI Events Check.
[[0;32m  OK  [0m] Reached target Paths.
[[0;32m  OK  [0m] Started Message of the Day.
         Starting LXD - unix socket.
[[0;32m  OK  [0m] Started Daily Cleanup of Temporary Directories.
[[0;32m  OK  [0m] Listening on D-Bus System Message Bus Socket.
[[0;32m  OK  [0m] Started Daily apt download activities.
[[0;32m  OK  [0m] Started Daily apt upgrade and clean activities.
[[0;32m  OK  [0m] Reached target Timers.
[[0;32m  OK  [0m] Reached target Cloud-config availability.
[[0;32m  OK  [0m] Reached target Network is Online.
         Starting Availability of block devices...
[[0;32m  OK  [0m] Reached target Remote File Systems (Pre).
[[0;32m  OK  [0m] Reached target Remote File Systems.
[691]: Your identification has been saved in /etc/ssh/ssh_host_rsa_key.
[   21.330594] cloud-init[691]: Your public key has been saved in /etc/ssh/ssh_host_rsa_key.pub.
[   21.330655] cloud-init[691]: The key fingerprint is:
[   21.330735] cloud-init[691]: SHA256:SAsUFtXaKK2/vqRljjMNuKSkfwt/BZRPxufa4QwhDG0 root@ubuntu-bionic
[   21.330784] cloud-init[691]: The key's randomart image is:
[   21.330829] cloud-init[691]: +---[RSA 2048]----+
[[0;32m  OK  [0m] Listening on Socket activation for snappy daemon.
[   21.336302] [[0;32m  OK  [0m] Listening on LXD - unix socket.
[[0;32m  OK  [0m] Started Availability of block devices.
[[0;32m  OK  [0m] Reached target Sockets.
[[0;32m  OK  [0m] Reached target Basic System.
         Starting LSB: Record successful boot for GRUB...
cloud-init         Starting Login Service...
[691]:          Starting LSB: automatic crash report generation...
         Starting Accounts Service...
[[0;32m  OK  [0m] Started FUSE filesystem for LXC.
|    *B.+         |
         Starting Snappy daemon...
[   21.377237] cloud-init         Starting Permit User Sessions...
[691]: |   o  E * .      |
[   21.403505] cloud-init[691]: |    .+.O +       |
[   21.405183] cloud-init[691]: |    .o=o+ o      |
[   21.406700] cloud-init[691]: |   . oo.S* .     |
[   21.409688] cloud-init[691]: | .o o   o +      |
[   21.411282] cloud-init[691]: |oo.. ++.         |
         Starting Pollinate to seed the pseudo random number generator...
         Starting LXD - container startup/shutdown...
         Starting System Logging Service...
[[0;32m  OK  [0m] Started Deferred execution scheduler.
[   21.454433] cloud-init[691]: |o .o+B+          |
[   21.481550] cloud-init[691]: | ...=*=o         |
[   21.482631] cloud-init[691]: +----[SHA256]-----+
[   21.483555] cloud-init[691]: Generating public/private dsa key pair.
[   21.484787] cloud-init[691]: Your identification has been saved in /etc/ssh/ssh_host_dsa_key.
[   21.486407] cloud-init[691]: Your public key has been saved in /etc/ssh/ssh_host_dsa_key.pub.
[   21.519505] cloud-init[691]: The key fingerprint is:
[   21.521508] cloud-init[691]: SHA256:tjC+6to63ho8UERNx5gBFIbZbg70zOnBx5+4mhQrIe4 root@ubuntu-bionic
[   21.525384] cloud-init[691]: The key's randomart image is:
[   21.528697] cloud-init[691]: +---[DSA 1024]----+
[   21.531890] cloud-init[691]: | *B=o=.          |
[   21.533655] cloud-init[691]: |o+. +..          |
[   21.535796] cloud-init[691]: |..* o            |
[   21.540072] cloud-init[691]: |..oB o           |
[   21.543466] cloud-init[691]: |o=..o = S        |
[   21.546878] cloud-init[691]: |ooo.oo * .       |
[   21.549169] cloud-init[691]: | o+o  o .        |
[   21.552471] cloud-init[691]: |. +=.. .         |
[   21.555576] cloud-init[691]: | E=O*..          |
[   21.558355] cloud-init[691]: +----[SHA256]-----+
[   21.561773] cloud-init[691]: Generating public/private ecdsa key pair.
[   21.564401] cloud-init[691]: Your identification has been saved in /etc/ssh/ssh_host_ecdsa_key.
[   21.567364] cloud-init[691]: Your public key has been saved in /etc/ssh/ssh_host_ecdsa_key.pub.
[[0;32m  OK  [0m] Started Regular background program processing daemon.
[   21.630236] cloud-init[691]: The key fingerprint is:
[   21.635815]          Starting Dispatcher daemon for systemd-networkd...
         Starting Virtualbox guest utils...
cloud-init[691]: SHA256:Ea9OHnA4atkK5xYjamgAyOm5kAuIKCcI6NA6uvHqpDw root@ubuntu-bionic
[[0;32m  OK  [0m] Started irqbalance daemon.
[   21.733206] cloud-init[691]: [[0;32m  OK  [0m] Started D-Bus System Message Bus.
The key's randomart image is:
[   21.736020] cloud-init[691]: +---[ECDSA 256]---+
[   21.737714] cloud-init[691]: |        .        |
[   21.740378] cloud-init[691]: |+..    . o       |
[   21.742954] cloud-init[691]: |*o.   + o .      |
[   21.744009] cloud-init[691]: |@o.  + + o       |
[   21.745108] cloud-init[691]: |#++ B . S        |
[   21.756541] cloud-init[691]: |B*.* + + .       |
[   21.757513] cloud-init[691]: |*=  +   o        |
[[0;32m  OK  [0m] Started Login Service.
[   21.794890] cloud-init[691]: [[0;32m  OK  [0m] Started Unattended Upgrades Shutdown.
|*E .             |
[   21.804275] cloud-init[[0;32m  OK  [0m] Started System Logging Service.
[[0;32m  OK  [0m] Started Permit User Sessions.
[[0;32m  OK  [0m] Started LXD - container startup/shutdown.
[691]: |=+o              |
[   21.808606] cloud-init[691]: +----[SHA256]-----+
         Starting Terminate Plymouth Boot Screen...
[   21.829277] cloud-init[691]: Generating public/private ed25519 key pair.
         Starting Hold until boot process finishes up...
[   21.962328] cloud-init[691]: [[0;32m  OK  [0m] Started LSB: automatic crash report generation.
[[0;32m  OK  [0m] Started Terminate Plymouth Boot Screen.
[[0;32m  OK  [0m] Started Hold until boot process finishes up.
Your identification has been saved in /etc/ssh/ssh_host_ed25519_key.
[   21.981198] cloud-init[691]: Your public key has been saved in /etc/ssh/ssh_host_ed25519_key.pub.
[   21.993714] cloud-init[691]: The key fingerprint is:
[   21.995506] cloud-init[691]: SHA256:nkEzVMu3JuTzeOTXU2ighc6OK7PjSpDJbjUs8Dys3U8 root@ubuntu-bionic
[   22.000128] cloud-init[691]: The key's randomart image is:
[   22.002960] cloud-init[691]: +--[ED25519 256]--+
[   22.005018] cloud-init[691]: |        ...      |
[[0;32m  OK  [0m] Started Dispatcher daemon for systemd-networkd.
[   22.016811] [cloud-init[0;32m  OK  [0m[691]: ] |       . . o     |Started Snappy daemon.

[   22.125156] [cloud-init[0;32m  OK  [0m[691]: ] |.       + = +    |Started LSB: Record successful boot for GRUB.

[[0;32m  OK  [0m] Started Virtualbox guest utils.
[   22.202112] cloud-init[691]: | * +   . B + o . |
         Starting Wait until snapd is fully seeded...
[   22.289293] cloud-init         Starting Authorization Manager...
[[0;32m  OK  [0m] Started Serial Getty on ttyS0.
         Starting Set console scheme...
[691]: |  @ +   S B + o .|
[   22.305698] cloud-init[691]: | + * . . = O . ..|
[   22.310852] cloud-init[691]: |. + o E + o + ...|
[   22.314569] cloud-init[691]: | . . o+  . . .  .|
[   22.317247] cloud-init[691]: |    .o+=.        |
[   22.319056] cloud-init[691]: +----[SHA256]-----+
[[0;32m  OK  [0m] Started Authorization Manager.
[[0;32m  OK  [0m] Started Set console scheme.
[[0;32m  OK  [0m] Started Accounts Service.
[[0;32m  OK  [0m] Created slice system-getty.slice.
[[0;32m  OK  [0m] Started Getty on tty1.
[[0;32m  OK  [0m] Reached target Login Prompts.
[[0;32m  OK  [0m] Started Pollinate to seed the pseudo random number generator.
         Starting OpenBSD Secure Shell server...
[[0;32m  OK  [0m] Started OpenBSD Secure Shell server.
[[0;32m  OK  [0m] Started Wait until snapd is fully seeded.
         Starting Apply the settings specified in cloud-config...
[[0;32m  OK  [0m] Reached target Multi-User System.
[[0;32m  OK  [0m] Reached target Graphical Interface.
         Starting Update UTMP about System Runlevel Changes...
[[0;32m  OK  [0m] Started Update UTMP about System Runlevel Changes.
[[0;32m  OK  [0m] Created slice User Slice of vagrant.
         Starting User Manager for UID 1000...
[[0;32m  OK  [0m] Started Session 1 of user vagrant.
[[0;32m  OK  [0m] Started User Manager for UID 1000.
[   24.585840] cloud-init[1209]: Cloud-init v. 19.3-41-gc4735dd3-0ubuntu1~18.04.1 running 'modules:config' at Mon, 30 Dec 2019 03:25:54 +0000. Up 24.21 seconds.
[[0;32m  OK  [0m] Started Apply the settings specified in cloud-config.
         Starting Execute cloud user/final scripts...
ci-info: no authorized ssh keys fingerprints found for user ubuntu.
<14>Dec 30 03:25:55 ec2: 
<14>Dec 30 03:25:55 ec2: #############################################################
<14>Dec 30 03:25:55 ec2: -----BEGIN SSH HOST KEY FINGERPRINTS-----
<14>Dec 30 03:25:55 ec2: 1024 SHA256:tjC+6to63ho8UERNx5gBFIbZbg70zOnBx5+4mhQrIe4 root@ubuntu-bionic (DSA)
<14>Dec 30 03:25:55 ec2: 256 SHA256:Ea9OHnA4atkK5xYjamgAyOm5kAuIKCcI6NA6uvHqpDw root@ubuntu-bionic (ECDSA)
<14>Dec 30 03:25:55 ec2: 256 SHA256:nkEzVMu3JuTzeOTXU2ighc6OK7PjSpDJbjUs8Dys3U8 root@ubuntu-bionic (ED25519)
<14>Dec 30 03:25:55 ec2: 2048 SHA256:SAsUFtXaKK2/vqRljjMNuKSkfwt/BZRPxufa4QwhDG0 root@ubuntu-bionic (RSA)
<14>Dec 30 03:25:55 ec2: -----END SSH HOST KEY FINGERPRINTS-----
<14>Dec 30 03:25:55 ec2: #############################################################
-----BEGIN SSH HOST KEY KEYS-----
ecdsa-sha2-nistp256 AAAAE2VjZHNhLXNoYTItbmlzdHAyNTYAAAAIbmlzdHAyNTYAAABBBCKZj70NSKQIBKMGipI6rWZqot0VFmy2PY32CjOzD2yVr71SfBU1KXI36awoE+ewlO5tRxPKobQ9Xm6kwzmjdi4= root@ubuntu-bionic
ssh-ed25519 AAAAC3NzaC1lZDI1NTE5AAAAIEeUh1tfHLVdFsJVlUM9nuvukoeRo+mDaeE+LKHZoS1p root@ubuntu-bionic
ssh-rsa AAAAB3NzaC1yc2EAAAADAQABAAABAQDDMtKWmpWFyvY09BeLhLcgg65aJc7K6probvl7La/rFT9R3TM+/8xvrLI+LKIdx8BjkxjElir24129b0aFeY4etZrClUQnCU4rywTxa85G8pqOzBqVHiLy3AUEK3lPO+0aEwY99+cXNKHOrFo//C5D7BEmhDnizGAHo4zDzHjX9RsTDdypl1f/UWBftI7A01HtkLMXaESlfQG4J6d3YJEW9nZ4egPlKsy92Tv1OkS138eLoI+fRoRHhii4gauIgo4dcvvrC+ccpiNjLuGtuyIGTblkIpackoR7dJjD/LH14Hkwid+ZUeiBtY8eunbjC+nOb58n7DdRYjoTdfzHuTmH root@ubuntu-bionic
-----END SSH HOST KEY KEYS-----
[   25.652928] cloud-init[1326]: Cloud-init v. 19.3-41-gc4735dd3-0ubuntu1~18.04.1 running 'modules:final' at Mon, 30 Dec 2019 03:25:55 +0000. Up 24.96 seconds.
[   25.658869] cloud-init[1326]: ci-info: no authorized ssh keys fingerprints found for user ubuntu.
[   25.665822] cloud-init[1326]: Cloud-init v. 19.3-41-gc4735dd3-0ubuntu1~18.04.1 finished at Mon, 30 Dec 2019 03:25:56 +0000. Datasource DataSourceNoCloud [seed=/dev/sdb][dsmode=net].  Up 25.64 seconds
[[0;32m  OK  [0m] Started Execute cloud user/final scripts.
[[0;32m  OK  [0m] Reached target Cloud-init target.

Ubuntu 18.04.3 LTS ubuntu-bionic ttyS0

ubuntu-bionic login: 